C:\Users\adria\OneDrive\Documents\Drawing2.dwg,Model,8/9/2018 12:07:16 PM,Adrian,\\SHOPFOREMAN-PC\Canon D500 Series UFRII LT,Letter,1:6.5576,
C:\Users\adria\OneDrive\Documents\Drawing10.dwg,Model,8/13/2018 10:32:54 AM,Adrian,Kyocera Mita KM-3035 KX,Ledger (11 x 17),1:1,
C:\Users\adria\OneDrive\Documents\Drawing11.dwg,Model,8/13/2018 1:34:25 PM,Adrian,\\SHOPFOREMAN-PC\Canon D500 Series UFRII LT,Letter,1:2.89866,
D:\drop box\Dropbox\shop forms\ORDER FORM CAD.dwg,Model,8/16/2018 2:10:41 PM,Adrian,Kyocera Mita KM-3035 KX,Letter,1:1.04884,
C:\Users\adria\OneDrive\Documents\Drawing19.dwg,Layout2,8/17/2018 6:52:49 AM,Adrian,NPIC51BEC (HP Color LaserJet MFP E77830),11×17,1:1,
D:\drop box\Dropbox\Contractor Database\Vanderbilt\Monkey kiosk project\cutting patterns\16_4 alum 0625.dxf,Layout1,8/24/2018 8:36:21 AM,Adrian,\\SHOPFOREMAN-PC\Canon D500 Series UFRII LT,Letter,1:1,
D:\drop box\Dropbox\Contractor Database\Vanderbilt\Monkey kiosk project\cutting patterns\3_2 stainless 16 ga.dxf,Layout1,8/24/2018 10:40:09 AM,Adrian,\\SHOPFOREMAN-PC\Canon D500 Series UFRII LT,Letter,1:1,
D:\drop box\Dropbox\Contractor Database\Vanderbilt\Monkey kiosk project\cutting patterns\3_2 stainless 16 ga.dxf,Layout1,8/24/2018 10:46:46 AM,Adrian,\\SHOPFOREMAN-PC\Canon D500 Series UFRII LT,Letter,1:1,
C:\Users\adria\OneDrive\Documents\Drawing3.dwg,Layout1,8/24/2018 10:52:31 AM,Adrian,\\SHOPFOREMAN-PC\Canon D500 Series UFRII LT,Letter,1:1,
C:\Users\adria\OneDrive\Documents\Drawing3.dwg,Model,8/24/2018 10:53:28 AM,Adrian,\\SHOPFOREMAN-PC\Canon D500 Series UFRII LT,Letter,1:2.05065,
D:\drop box\Dropbox\Contractor Database\Vanderbilt\Monkey kiosk project\cutting patterns\6_2 stainless 16ga..dxf,Model,8/24/2018 10:56:18 AM,Adrian,\\SHOPFOREMAN-PC\Canon D500 Series UFRII LT,Letter,1:2.75083,
C:\Users\adria\OneDrive\Documents\Drawing3.dwg,Model,8/24/2018 10:59:38 AM,Adrian,\\SHOPFOREMAN-PC\Canon D500 Series UFRII LT,Letter,1:3.65283,
D:\drop box\Dropbox\Contractor Database\Vanderbilt\Monkey kiosk project\cutting patterns\5_2 stainless 16 ga.dxf,Model,8/24/2018 11:01:00 AM,Adrian,\\SHOPFOREMAN-PC\Canon D500 Series UFRII LT,Letter,1:2.96919,
D:\drop box\Dropbox\Contractor Database\Vanderbilt\Monkey kiosk project\cutting patterns\2_2 stainless 16 ga.dxf,Model,8/24/2018 11:04:33 AM,Adrian,\\SHOPFOREMAN-PC\Canon D500 Series UFRII LT,Letter,1:2.83515,
C:\Users\adria\OneDrive\Documents\Drawing3.dwg,Model,8/24/2018 11:13:07 AM,Adrian,\\SHOPFOREMAN-PC\Canon D500 Series UFRII LT,Letter,1:4.65216,
C:\Users\adria\OneDrive\Documents\Drawing4.dwg,Model,8/24/2018 1:00:30 PM,Adrian,\\SHOPFOREMAN-PC\Canon D500 Series UFRII LT,Letter,1:18.2171,
D:\drop box\Dropbox\Contractor Database\Vanderbilt\Monkey kiosk project\Drawing2.dwg,Model,9/7/2018 9:22:26 AM,Adrian,\\SHOPFOREMAN-PC\Canon D500 Series UFRII LT,Letter,1:1.96451,
D:\drop box\Dropbox\Contractor Database\Vanderbilt\Monkey kiosk project\feeder cup.dwg,Model,9/7/2018 9:30:34 AM,Adrian,\\SHOPFOREMAN-PC\Canon D500 Series UFRII LT,Letter,1:1.39347,
D:\drop box\Dropbox\Contractor Database\Vanderbilt\Monkey kiosk project\feeder cup.dwg,Model,9/7/2018 9:31:45 AM,Adrian,\\SHOPFOREMAN-PC\Canon D500 Series UFRII LT,Letter,1:1.05507,
D:\drop box\Dropbox\DETAIL.dwg,Model,9/7/2018 10:04:52 AM,Adrian,\\SHOPFOREMAN-PC\Canon D500 Series UFRII LT,Letter,1:2.35502,
D:\drop box\Dropbox\Contractor Database\COD\e3\eldridge burn.dxf,Model,9/7/2018 10:40:21 AM,Adrian,HP Universal Printing PS (v6.6.0),Letter,1:14.2602,
D:\drop box\Dropbox\Contractor Database\Vanderbilt\Monkey kiosk project\Drawing3.dwg,Model,9/7/2018 2:37:16 PM,Adrian,\\SHOPFOREMAN-PC\Canon D500 Series UFRII LT,Letter,1:1,
